[33m[handler.cc:112] Load Data Path:/home/dell/yzx/ycsb_output/1-node/uniform/insert_delete_100M.txt
[0m[33m[handler.cc:140] /home/dell/yzx/ycsb_output/1-node/uniform/insert_delete_100M.txt is used.
[0m[33m[meta_manager.cc:16] Run FORD
[0m[33m[meta_manager.cc:37] All hash meta received
[0m[33m[handler.cc:273] Alloc local memory: 16000 MB. Waiting...
[0m[33m[handler.cc:285] Spawn threads to execute...
[0m0 3125000
retry:0compute_node_id1
cmp:0  cmp+1:1   data_buf:0
success cmp:0compute_node_id1
[33m[handler.cc:453] Init Dir Success! Ready Go!
[0mdir split:12898	coro_id:4	thread_id:30
dir split:18486	coro_id:1	thread_id:9
thread:0	finish_num:349839local_dir_lock:0
dir split:74289	coro_id:8	thread_id:19
dir split:145111	coro_id:3	thread_id:5
dir split:83804	coro_id:4	thread_id:21
Insert Speed: 1.25107e+06	 used: 79.9315
Update
1 72715
2 4076
3 361
4 55
5 16
6 11
7 7
8 1
9 5
10 29
total blk cnt is: 83378
[33m[handler.cc:864] DONE
[0m[33m[handler.cc:113] Load Data Path:/home/dell/yzx/ycsb_output/1-node/uniform/insert_delete_100M.txt
[0m[33m[handler.cc:141] /home/dell/yzx/ycsb_output/1-node/uniform/insert_delete_100M.txt is used.
[0m[33m[meta_manager.cc:16] Run FORD
[0m[33m[meta_manager.cc:37] All hash meta received
[0m[33m[handler.cc:274] Alloc local memory: 16000 MB. Waiting...
[0m[33m[handler.cc:286] Spawn threads to execute...
[0m0 3125000
retry:0compute_node_id1
cmp:0  cmp+1:1   data_buf:0
success cmp:0compute_node_id1
[33m[handler.cc:455] Init Dir Success! Ready Go!
[0mdir split:316	coro_id:6	thread_id:23
dir split:41753	coro_id:7	thread_id:6
thread:0	finish_num:349839local_dir_lock:0
dir split:53429	coro_id:1	thread_id:22
dir split:186987	coro_id:1	thread_id:23
dir split:493938	coro_id:8	thread_id:8
[33m[handler.cc:113] Load Data Path:/home/dell/yzx/ycsb_output/1-node/uniform/insert_delete_100M.txt
[0m[33m[handler.cc:141] /home/dell/yzx/ycsb_output/1-node/uniform/insert_delete_100M.txt is used.
[0m[33m[meta_manager.cc:16] Run FORD
[0m[33m[meta_manager.cc:37] All hash meta received
[0m[33m[handler.cc:274] Alloc local memory: 16000 MB. Waiting...
[0m[33m[handler.cc:286] Spawn threads to execute...
[0m0 3125000
retry:0compute_node_id1
cmp:0  cmp+1:1   data_buf:0
success cmp:0compute_node_id1
[33m[handler.cc:455] Init Dir Success! Ready Go!
[0mdir split:2411	coro_id:5	thread_id:23
dir split:42063	coro_id:7	thread_id:1
thread:0	finish_num:349839local_dir_lock:0
dir split:16730	coro_id:7	thread_id:12
dir split:193268	coro_id:8	thread_id:4
dir split:478177	coro_id:2	thread_id:4
Insert Speed: 1.01087e+06	 used: 98.9248
Update
over : 11
over : 23
over : 12
over : 11
over : 52
over : 14
over : 12
over : 63
over : 96
over : 94
over : 13
over : 13
over : 12
over : 18
over : 56
over : 13
over : 31
over : 25
over : 12
over : 45
over : 14
over : 14
over : 38
over : 14
over : 18
1 71383
2 3643
3 342
4 41
5 11
6 4
7 5
8 4
9 9
10 32
total blk cnt is: 80882
[33m[handler.cc:869] DONE
[0m